<?xml version="1.0" encoding="UTF-8"?>
<testng-results total="1" passed="1" failed="0" skipped="0">
  <reporter-output>
  </reporter-output>
  <suite started-at="2021-11-26T13:37:07Z" name="Default suite" finished-at="2021-11-26T13:37:30Z" duration-ms="23359">
    <groups>
    </groups>
    <test started-at="2021-11-26T13:37:07Z" name="Default test" finished-at="2021-11-26T13:37:30Z" duration-ms="23359">
      <class name="com.qa.tests.PostAPITest">
        <test-method is-config="true" signature="setup()[pri:0, instance:com.qa.tests.PostAPITest@3eb81efb]" started-at="2021-11-26T19:07:07Z" name="setup" finished-at="2021-11-26T19:07:07Z" duration-ms="6" status="PASS">
          <reporter-output>
          </reporter-output>
        </test-method> <!-- setup -->
        <test-method signature="postAPITest()[pri:0, instance:com.qa.tests.PostAPITest@3eb81efb]" started-at="2021-11-26T19:07:07Z" name="postAPITest" finished-at="2021-11-26T19:07:30Z" duration-ms="23325" status="PASS">
          <reporter-output>
          </reporter-output>
        </test-method> <!-- postAPITest -->
      </class> <!-- com.qa.tests.PostAPITest -->
    </test> <!-- Default test -->
  </suite> <!-- Default suite -->
</testng-results>
